<?xml version="1.0" encoding="UTF-8"?>
<!-- Generated by org.testng.reporters.JUnitXMLReporter -->
<testsuite hostname="DESKTOP-23M10JB" ignored="1" name="Module 1,2,4" tests="5" failures="1" timestamp="17 Apr 2018 15:42:56 GMT" time="0.072" errors="0">
  <testcase name="Epic1_TC1" time="0.009" classname="test.Epic1">
    <failure type="java.lang.AssertionError" message="expected [true] but found [false]">
      <![CDATA[java.lang.AssertionError: expected [true] but found [false]
at test.Epic1.Epic1_TC1(Epic1.java:22)
... Removed 29 stack frames]]>
    </failure>
  </testcase> <!-- Epic1_TC1 -->
  <testcase name="Epic2_TC1" time="0.003" classname="test.Epic2"/>
  <testcase name="Epic4_TC1" time="0.005" classname="test.Epic4"/>
  <testcase name="Epic4_TC2" time="0.005" classname="test.Epic4"/>
  <testcase name="Epic4_TC3" time="0.002" classname="test.Epic4"/>
  <testcase name="Epic1_TC2" time="0.0" classname="test.Epic1">
    <ignored/>
  </testcase> <!-- Epic1_TC2 -->
</testsuite> <!-- Module 1,2,4 -->
