<?xml version="1.0" encoding="UTF-8"?>
<!-- Generated by org.testng.reporters.JUnitXMLReporter -->
<testsuite hostname="DESKTOP-23M10JB" ignored="0" name="Module1,2,3,4" tests="13" failures="3" timestamp="17 Apr 2018 15:49:31 GMT" time="0.11" errors="0">
  <testcase name="Epic1_TC1" time="0.006" classname="test.Epic1">
    <failure type="java.lang.AssertionError" message="expected [true] but found [false]">
      <![CDATA[java.lang.AssertionError: expected [true] but found [false]
at test.Epic1.Epic1_TC1(Epic1.java:22)
... Removed 29 stack frames]]>
    </failure>
  </testcase> <!-- Epic1_TC1 -->
  <testcase name="Epic1_TC2" time="0.001" classname="test.Epic1"/>
  <testcase name="Epic2_TC1" time="0.001" classname="test.Epic2"/>
  <testcase name="Epic3_TC1" time="0.0" classname="test.Epic3">
    <failure type="org.testng.TestNGException" message="
Parameter &amp;apos;URL&amp;apos; is required by @Test on method Epic3_TC1 but has not been marked @Optional or defined
in C:\Users\EKTA-PC\eclipse-workspaceNew\TestNG_tutorial\testng2.xml">
      <![CDATA[org.testng.TestNGException: 
Parameter 'URL' is required by @Test on method Epic3_TC1 but has not been marked @Optional or defined
in C:\Users\EKTA-PC\eclipse-workspaceNew\TestNG_tutorial\testng2.xml
... Removed 24 stack frames]]>
    </failure>
  </testcase> <!-- Epic3_TC1 -->
  <testcase name="Epic3_TC2" time="0.0" classname="test.Epic3"/>
  <testcase name="Epic3_TC3" time="0.001" classname="test.Epic3"/>
  <testcase name="Epic3_TC4" time="0.001" classname="test.Epic3"/>
  <testcase name="Epic3_TC4" time="0.005" classname="test.Epic3"/>
  <testcase name="Epic3_TC4" time="0.004" classname="test.Epic3"/>
  <testcase name="AEpic3_TC5" time="0.005" classname="test.Epic3"/>
  <testcase name="Epic4_TC1" time="0.0" classname="test.Epic4">
    <failure type="org.testng.TestNGException" message="
Parameter &amp;apos;URL&amp;apos; is required by @Test on method Epic4_TC1 but has not been marked @Optional or defined
in C:\Users\EKTA-PC\eclipse-workspaceNew\TestNG_tutorial\testng2.xml">
      <![CDATA[org.testng.TestNGException: 
Parameter 'URL' is required by @Test on method Epic4_TC1 but has not been marked @Optional or defined
in C:\Users\EKTA-PC\eclipse-workspaceNew\TestNG_tutorial\testng2.xml
... Removed 24 stack frames]]>
    </failure>
  </testcase> <!-- Epic4_TC1 -->
  <testcase name="Epic4_TC2" time="0.002" classname="test.Epic4"/>
  <testcase name="Epic4_TC3" time="0.001" classname="test.Epic4"/>
</testsuite> <!-- Module1,2,3,4 -->
